<?xml version="1.0" encoding="UTF-8"?>
<!-- Generated by org.testng.reporters.JUnitXMLReporter -->
<testsuite ignored="0" hostname="primas-Air" failures="1" tests="1" name="Test" time="16.149" errors="0" timestamp="2022-06-08T14:08:30 EDT">
  <testcase classname="com.company.qa.test.AmazonTest" name="amazonTitle" time="0.016">
    <failure type="java.lang.NullPointerException" message="Cannot invoke &amp;quot;org.openqa.selenium.WebDriver.getTitle()&amp;quot; because &amp;quot;this.driver&amp;quot; is null">
      <![CDATA[java.lang.NullPointerException: Cannot invoke "org.openqa.selenium.WebDriver.getTitle()" because "this.driver" is null
at com.company.qa.test.AmazonTest.amazonTitle(AmazonTest.java:22)
at java.base/java.util.ArrayList.forEach(ArrayList.java:1511)
... Removed 27 stack frames]]>
    </failure>
  </testcase> <!-- amazonTitle -->
</testsuite> <!-- Test -->
